<?xml version="1.0" encoding="UTF-8"?>
<!-- Generated by org.testng.reporters.JUnitReportReporter -->
<testsuite skipped="0" hostname="MSI" name="TestScripts.SwitchApps" tests="1" failures="0" timestamp="2021-10-28T11:08:27 IST" time="33.983" errors="0">
  <testcase name="switchapp" time="33.983" classname="TestScripts.SwitchApps"/>
  <system-out/>
</testsuite> <!-- TestScripts.SwitchApps -->
