<?xml version="1.0" encoding="UTF-8"?>
<!-- Generated by org.testng.reporters.JUnitReportReporter -->
<testsuite skipped="0" hostname="MSI" name="JDBC1.ReadingDataFromXML" tests="2" failures="0" timestamp="2021-11-03T16:02:13 IST" time="0.009" errors="0">
  <testcase name="readfromXML" time="0.002" classname="JDBC1.ReadingDataFromXML"/>
  <system-out/>
  <testcase name="base" time="0.007" classname="JDBC1.ReadingDataFromXML"/>
  <system-out/>
</testsuite> <!-- JDBC1.ReadingDataFromXML -->
