<?xml version="1.0" encoding="UTF-8"?>
<!-- Generated by org.testng.reporters.JUnitReportReporter -->
<testsuite skipped="0" hostname="MSI" name="TestScripts.WebApp" tests="1" failures="0" timestamp="2021-10-29T12:11:16 IST" time="29.256" errors="0">
  <testcase name="webapp" time="29.256" classname="TestScripts.WebApp"/>
  <system-out/>
</testsuite> <!-- TestScripts.WebApp -->
