<?xml version="1.0" encoding="UTF-8"?>
<!-- Generated by org.testng.reporters.JUnitReportReporter -->
<testsuite skipped="0" hostname="MSI" name="TestScripts.Notification" tests="1" failures="0" timestamp="2021-10-28T12:53:59 IST" time="23.320" errors="0">
  <testcase name="notification" time="23.320" classname="TestScripts.Notification"/>
  <system-out/>
</testsuite> <!-- TestScripts.Notification -->
