<?xml version="1.0" encoding="UTF-8"?>
<!-- Generated by org.testng.reporters.JUnitReportReporter -->
<testsuite skipped="0" hostname="MSI" name="TestScripts.ReadDataFromPropertyFile" tests="1" failures="0" timestamp="2021-10-27T22:17:23 IST" time="0.006" errors="0">
  <testcase name="execute" time="0.006" classname="TestScripts.ReadDataFromPropertyFile"/>
  <system-out/>
</testsuite> <!-- TestScripts.ReadDataFromPropertyFile -->
