<?xml version="1.0" encoding="UTF-8"?>
<!-- Generated by org.testng.reporters.JUnitReportReporter -->
<testsuite skipped="0" hostname="MSI" name="TestScripts.InstallApplication" tests="1" failures="0" timestamp="2021-11-02T16:41:24 IST" time="22.578" errors="0">
  <testcase name="installApplication" time="22.578" classname="TestScripts.InstallApplication"/>
  <system-out/>
</testsuite> <!-- TestScripts.InstallApplication -->
