<?xml version="1.0" encoding="UTF-8"?>
<!-- Generated by org.testng.reporters.JUnitReportReporter -->
<testsuite skipped="0" hostname="MSI" name="TestScripts.ReadFromJSON" tests="1" failures="0" timestamp="2021-11-08T13:23:54 IST" time="0.012" errors="0">
  <testcase name="execute" time="0.012" classname="TestScripts.ReadFromJSON"/>
  <system-out/>
</testsuite> <!-- TestScripts.ReadFromJSON -->
