<?xml version="1.0" encoding="UTF-8"?>
<!-- Generated by org.testng.reporters.JUnitReportReporter -->
<testsuite skipped="0" hostname="MSI" name="TestScripts1.LoginTest" tests="1" failures="0" timestamp="2021-11-02T10:01:10 IST" time="68.563" errors="0">
  <testcase name="loginTest" time="68.563" classname="TestScripts1.LoginTest"/>
  <system-out/>
</testsuite> <!-- TestScripts1.LoginTest -->
