<?xml version="1.0" encoding="UTF-8"?>
<!-- Generated by org.testng.reporters.JUnitReportReporter -->
<testsuite skipped="0" hostname="MSI" name="JDBC1.ExecuteUpdate" tests="1" failures="0" timestamp="2021-11-08T15:02:29 IST" time="0.264" errors="0">
  <testcase name="executeupdate" time="0.264" classname="JDBC1.ExecuteUpdate"/>
  <system-out/>
</testsuite> <!-- JDBC1.ExecuteUpdate -->
