<?xml version="1.0" encoding="UTF-8"?>
<!-- Generated by org.testng.reporters.JUnitReportReporter -->
<testsuite skipped="0" hostname="MSI" name="JDBC1.ExecuteQuery" tests="1" failures="0" timestamp="2021-11-08T15:01:13 IST" time="0.218" errors="0">
  <testcase name="executeQuery" time="0.218" classname="JDBC1.ExecuteQuery"/>
  <system-out/>
</testsuite> <!-- JDBC1.ExecuteQuery -->
