<?xml version="1.0" encoding="UTF-8"?>
<!-- Generated by org.testng.reporters.JUnitReportReporter -->
<testsuite skipped="0" hostname="MSI" name="TestScripts.Network_Connection" tests="1" failures="0" timestamp="2021-10-28T12:15:20 IST" time="23.314" errors="0">
  <testcase name="connection" time="23.314" classname="TestScripts.Network_Connection"/>
  <system-out/>
</testsuite> <!-- TestScripts.Network_Connection -->
