<?xml version="1.0" encoding="UTF-8"?>
<!-- Generated by org.testng.reporters.JUnitReportReporter -->
<testsuite skipped="0" hostname="MSI" name="TestScripts.Calculator" tests="1" failures="0" timestamp="2021-10-25T11:36:19 IST" time="0.009" errors="0">
  <testcase name="Calculato" time="0.009" classname="TestScripts.Calculator"/>
  <system-out/>
</testsuite> <!-- TestScripts.Calculator -->
