<?xml version="1.0" encoding="UTF-8"?>
<!-- Generated by org.testng.reporters.JUnitReportReporter -->
<testsuite skipped="0" hostname="MSI" name="TestScripts.Orientation" tests="1" failures="0" timestamp="2021-10-27T17:52:43 IST" time="25.823" errors="0">
  <testcase name="orientation" time="25.823" classname="TestScripts.Orientation"/>
  <system-out/>
</testsuite> <!-- TestScripts.Orientation -->
