<?xml version="1.0" encoding="UTF-8"?>
<!-- Generated by org.testng.reporters.JUnitReportReporter -->
<testsuite skipped="0" hostname="MSI" name="TestScripts.DragAndDrop" tests="1" failures="0" timestamp="2021-10-27T15:13:24 IST" time="28.383" errors="0">
  <testcase name="drag" time="28.383" classname="TestScripts.DragAndDrop"/>
  <system-out/>
</testsuite> <!-- TestScripts.DragAndDrop -->
