<?xml version="1.0" encoding="UTF-8"?>
<!-- Generated by org.testng.reporters.JUnitReportReporter -->
<testsuite skipped="0" hostname="MSI" name="TestScripts.ToastMassage" tests="1" failures="0" timestamp="2021-11-02T15:24:54 IST" time="19.622" errors="0">
  <testcase name="toastmassage" time="19.622" classname="TestScripts.ToastMassage"/>
  <system-out/>
</testsuite> <!-- TestScripts.ToastMassage -->
