<?xml version="1.0" encoding="UTF-8"?>
<!-- Generated by org.testng.reporters.JUnitReportReporter -->
<testsuite skipped="0" hostname="MSI" name="TestScripts.CreateServer" tests="1" failures="0" timestamp="2021-11-02T22:41:14 IST" time="1.319" errors="0">
  <testcase name="createServer" time="1.319" classname="TestScripts.CreateServer"/>
  <system-out/>
</testsuite> <!-- TestScripts.CreateServer -->
