<?xml version="1.0" encoding="UTF-8"?>
<!-- Generated by org.testng.reporters.JUnitReportReporter -->
<testsuite skipped="0" hostname="MSI" name="TestScripts.RunAppOnBackground" tests="1" failures="0" timestamp="2021-10-27T18:02:27 IST" time="33.747" errors="0">
  <testcase name="runApponBackGround" time="33.747" classname="TestScripts.RunAppOnBackground"/>
  <system-out/>
</testsuite> <!-- TestScripts.RunAppOnBackground -->
