<?xml version="1.0" encoding="UTF-8"?>
<!-- Generated by org.testng.reporters.JUnitReportReporter -->
<testsuite skipped="0" hostname="MSI" name="TestScripts.Camera" tests="1" failures="0" timestamp="2021-10-27T15:51:48 IST" time="18.333" errors="0">
  <testcase name="camera" time="18.333" classname="TestScripts.Camera"/>
  <system-out/>
</testsuite> <!-- TestScripts.Camera -->
