<?xml version="1.0" encoding="UTF-8"?>
<!-- Generated by org.testng.reporters.JUnitReportReporter -->
<testsuite skipped="0" hostname="MSI" name="TestScripts.LaunchTouchScreen" tests="1" failures="0" timestamp="2021-10-27T15:45:25 IST" time="18.681" errors="0">
  <testcase name="launchTouchScreen" time="18.681" classname="TestScripts.LaunchTouchScreen"/>
  <system-out/>
</testsuite> <!-- TestScripts.LaunchTouchScreen -->
