<?xml version="1.0" encoding="UTF-8"?>
<!-- Generated by org.testng.reporters.JUnitReportReporter -->
<testsuite skipped="0" hostname="MSI" name="TestScripts.ScrollToElement" tests="1" failures="0" timestamp="2021-10-28T10:50:01 IST" time="24.453" errors="0">
  <testcase name="scroll" time="24.453" classname="TestScripts.ScrollToElement"/>
  <system-out/>
</testsuite> <!-- TestScripts.ScrollToElement -->
