<?xml version="1.0" encoding="UTF-8"?>
<!-- Generated by org.testng.reporters.JUnitReportReporter -->
<testsuite skipped="0" hostname="MSI" name="TestScripts.MobileAppToWebApp" tests="1" failures="0" timestamp="2021-11-02T22:38:12 IST" time="28.323" errors="0">
  <testcase name="mobiletoweb" time="28.323" classname="TestScripts.MobileAppToWebApp"/>
  <system-out/>
</testsuite> <!-- TestScripts.MobileAppToWebApp -->
