<?xml version="1.0" encoding="UTF-8"?>
<!-- Generated by org.testng.reporters.JUnitReportReporter -->
<testsuite skipped="0" hostname="MSI" name="TestScripts.ZoomInZoomOut" tests="1" failures="0" timestamp="2021-10-28T15:16:40 IST" time="22.548" errors="0">
  <testcase name="zoomPinch" time="22.548" classname="TestScripts.ZoomInZoomOut"/>
  <system-out/>
</testsuite> <!-- TestScripts.ZoomInZoomOut -->
