<?xml version="1.0" encoding="UTF-8"?>
<!-- Generated by org.testng.reporters.JUnitReportReporter -->
<testsuite skipped="0" hostname="MSI" name="TestScripts.GeneralStores" tests="1" failures="0" timestamp="2021-10-28T15:35:55 IST" time="21.875" errors="0">
  <testcase name="letsShop" time="21.875" classname="TestScripts.GeneralStores"/>
  <system-out/>
</testsuite> <!-- TestScripts.GeneralStores -->
